app/build/intermediates/manifest_merge_blame_file/debug/processDebugMainManifest/manifest-merger-blame-debug-report.txt
1<?xml version="1.0" encoding="utf-8"?>
2<manifest xmlns:android="http://schemas.android.com/apk/res/android"
3    package="com.carplay"
4    android:versionCode="1"
5    android:versionName="1.0.0" >
6
7    <uses-sdk
8        android:minSdkVersion="26"
9        android:targetSdkVersion="36" />
10
11    <!-- Foreground Service permissions (Android 14+ requires type-specific permission) -->
12    <uses-permission android:name="android.permission.FOREGROUND_SERVICE" />
12-->src\main\AndroidManifest.xml:5:5-77
12-->src\main\AndroidManifest.xml:5:22-74
13    <uses-permission android:name="android.permission.FOREGROUND_SERVICE_MEDIA_PLAYBACK" />
13-->src\main\AndroidManifest.xml:6:5-92
13-->src\main\AndroidManifest.xml:6:22-89
14
15    <!-- Notification permission (Android 13+) -->
16    <uses-permission android:name="android.permission.POST_NOTIFICATIONS" />
16-->src\main\AndroidManifest.xml:9:5-77
16-->src\main\AndroidManifest.xml:9:22-74
17
18    <queries>
18-->[androidx.car.app:app:1.7.0] AndroidManifest.xml:23:5-28:15
19        <provider
19-->[androidx.car.app:app:1.7.0] AndroidManifest.xml:24:9-27:43
20            android:name="androidx.car.app.connection.provider"
20-->[androidx.car.app:app:1.7.0] AndroidManifest.xml:25:13-64
21            android:authorities="androidx.car.app.connection" />
21-->[androidx.car.app:app:1.7.0] AndroidManifest.xml:26:13-62
22    </queries>
23
24    <permission
24-->[androidx.core:core:1.16.0] AndroidManifest.xml:22:5-24:47
25        android:name="com.carplay.DYNAMIC_RECEIVER_NOT_EXPORTED_PERMISSION"
25-->[androidx.core:core:1.16.0] AndroidManifest.xml:23:9-81
26        android:protectionLevel="signature" />
26-->[androidx.core:core:1.16.0] AndroidManifest.xml:24:9-44
27
28    <uses-permission android:name="com.carplay.DYNAMIC_RECEIVER_NOT_EXPORTED_PERMISSION" />
28-->[androidx.core:core:1.16.0] AndroidManifest.xml:26:5-97
28-->[androidx.core:core:1.16.0] AndroidManifest.xml:26:22-94
29
30    <application
30-->src\main\AndroidManifest.xml:11:5-44:19
31        android:name="com.carplay.CarPlayApplication"
31-->src\main\AndroidManifest.xml:12:9-43
32        android:allowBackup="true"
32-->src\main\AndroidManifest.xml:13:9-35
33        android:appComponentFactory="androidx.core.app.CoreComponentFactory"
33-->[androidx.core:core:1.16.0] AndroidManifest.xml:28:18-86
34        android:debuggable="true"
35        android:extractNativeLibs="false"
36        android:icon="@mipmap/ic_launcher"
36-->src\main\AndroidManifest.xml:14:9-43
37        android:label="@string/app_name"
37-->src\main\AndroidManifest.xml:15:9-41
38        android:supportsRtl="true"
38-->src\main\AndroidManifest.xml:16:9-35
39        android:theme="@style/Theme.CarPlay" >
39-->src\main\AndroidManifest.xml:17:9-45
40        <activity
40-->src\main\AndroidManifest.xml:19:9-27:20
41            android:name="com.carplay.MainActivity"
41-->src\main\AndroidManifest.xml:20:13-41
42            android:exported="true"
42-->src\main\AndroidManifest.xml:21:13-36
43            android:theme="@style/Theme.CarPlay" >
43-->src\main\AndroidManifest.xml:22:13-49
44            <intent-filter>
44-->src\main\AndroidManifest.xml:23:13-26:29
45                <action android:name="android.intent.action.MAIN" />
45-->src\main\AndroidManifest.xml:24:17-69
45-->src\main\AndroidManifest.xml:24:25-66
46
47                <category android:name="android.intent.category.LAUNCHER" />
47-->src\main\AndroidManifest.xml:25:17-77
47-->src\main\AndroidManifest.xml:25:27-74
48            </intent-filter>
49        </activity>
50
51        <!-- Auto-Audio Foreground Service -->
52        <service
52-->src\main\AndroidManifest.xml:30:9-33:40
53            android:name="com.carplay.feature.autoaudio.AudioPlayerService"
53-->src\main\AndroidManifest.xml:31:13-65
54            android:exported="false"
54-->src\main\AndroidManifest.xml:33:13-37
55            android:foregroundServiceType="mediaPlayback" />
55-->src\main\AndroidManifest.xml:32:13-58
56
57        <!-- Car Mode Detection (fallback for non-projection car docks) -->
58        <receiver
58-->src\main\AndroidManifest.xml:36:9-42:20
59            android:name="com.carplay.feature.autoaudio.CarModeReceiver"
59-->src\main\AndroidManifest.xml:37:13-62
60            android:exported="true" >
60-->src\main\AndroidManifest.xml:38:13-36
61            <intent-filter>
61-->src\main\AndroidManifest.xml:39:13-41:29
62                <action android:name="android.app.action.ENTER_CAR_MODE" />
62-->src\main\AndroidManifest.xml:40:17-76
62-->src\main\AndroidManifest.xml:40:25-73
63            </intent-filter>
64        </receiver>
65
66        <activity
66-->[androidx.car.app:app:1.7.0] AndroidManifest.xml:31:9-34:75
67            android:name="androidx.car.app.CarAppPermissionActivity"
67-->[androidx.car.app:app:1.7.0] AndroidManifest.xml:32:13-69
68            android:exported="false"
68-->[androidx.car.app:app:1.7.0] AndroidManifest.xml:33:13-37
69            android:theme="@android:style/Theme.Translucent.NoTitleBar" />
69-->[androidx.car.app:app:1.7.0] AndroidManifest.xml:34:13-72
70
71        <receiver
71-->[androidx.car.app:app:1.7.0] AndroidManifest.xml:36:9-38:40
72            android:name="androidx.car.app.notification.CarAppNotificationBroadcastReceiver"
72-->[androidx.car.app:app:1.7.0] AndroidManifest.xml:37:13-93
73            android:exported="false" />
73-->[androidx.car.app:app:1.7.0] AndroidManifest.xml:38:13-37
74
75        <activity
75-->[androidx.compose.ui:ui-tooling-android:1.11.1] AndroidManifest.xml:23:9-25:39
76            android:name="androidx.compose.ui.tooling.PreviewActivity"
76-->[androidx.compose.ui:ui-tooling-android:1.11.1] AndroidManifest.xml:24:13-71
77            android:exported="true" />
77-->[androidx.compose.ui:ui-tooling-android:1.11.1] AndroidManifest.xml:25:13-36
78
79        <provider
79-->[androidx.emoji2:emoji2:1.4.0] AndroidManifest.xml:24:9-32:20
80            android:name="androidx.startup.InitializationProvider"
80-->[androidx.emoji2:emoji2:1.4.0] AndroidManifest.xml:25:13-67
81            android:authorities="com.carplay.androidx-startup"
81-->[androidx.emoji2:emoji2:1.4.0] AndroidManifest.xml:26:13-68
82            android:exported="false" >
82-->[androidx.emoji2:emoji2:1.4.0] AndroidManifest.xml:27:13-37
83            <meta-data
83-->[androidx.emoji2:emoji2:1.4.0] AndroidManifest.xml:29:13-31:52
84                android:name="androidx.emoji2.text.EmojiCompatInitializer"
84-->[androidx.emoji2:emoji2:1.4.0] AndroidManifest.xml:30:17-75
85                android:value="androidx.startup" />
85-->[androidx.emoji2:emoji2:1.4.0] AndroidManifest.xml:31:17-49
86            <meta-data
86-->[androidx.lifecycle:lifecycle-process:2.9.4] AndroidManifest.xml:29:13-31:52
87                android:name="androidx.lifecycle.ProcessLifecycleInitializer"
87-->[androidx.lifecycle:lifecycle-process:2.9.4] AndroidManifest.xml:30:17-78
88                android:value="androidx.startup" />
88-->[androidx.lifecycle:lifecycle-process:2.9.4] AndroidManifest.xml:31:17-49
89            <meta-data
89-->[androidx.profileinstaller:profileinstaller:1.4.0] AndroidManifest.xml:29:13-31:52
90                android:name="androidx.profileinstaller.ProfileInstallerInitializer"
90-->[androidx.profileinstaller:profileinstaller:1.4.0] AndroidManifest.xml:30:17-85
91                android:value="androidx.startup" />
91-->[androidx.profileinstaller:profileinstaller:1.4.0] AndroidManifest.xml:31:17-49
92        </provider>
93
94        <uses-library
94-->[androidx.window:window:1.5.0] AndroidManifest.xml:23:9-25:40
95            android:name="androidx.window.extensions"
95-->[androidx.window:window:1.5.0] AndroidManifest.xml:24:13-54
96            android:required="false" />
96-->[androidx.window:window:1.5.0] AndroidManifest.xml:25:13-37
97        <uses-library
97-->[androidx.window:window:1.5.0] AndroidManifest.xml:26:9-28:40
98            android:name="androidx.window.sidecar"
98-->[androidx.window:window:1.5.0] AndroidManifest.xml:27:13-51
99            android:required="false" />
99-->[androidx.window:window:1.5.0] AndroidManifest.xml:28:13-37
100
101        <receiver
101-->[androidx.profileinstaller:profileinstaller:1.4.0] AndroidManifest.xml:34:9-52:20
102            android:name="androidx.profileinstaller.ProfileInstallReceiver"
102-->[androidx.profileinstaller:profileinstaller:1.4.0] AndroidManifest.xml:35:13-76
103            android:directBootAware="false"
103-->[androidx.profileinstaller:profileinstaller:1.4.0] AndroidManifest.xml:36:13-44
104            android:enabled="true"
104-->[androidx.profileinstaller:profileinstaller:1.4.0] AndroidManifest.xml:37:13-35
105            android:exported="true"
105-->[androidx.profileinstaller:profileinstaller:1.4.0] AndroidManifest.xml:38:13-36
106            android:permission="android.permission.DUMP" >
106-->[androidx.profileinstaller:profileinstaller:1.4.0] AndroidManifest.xml:39:13-57
107            <intent-filter>
107-->[androidx.profileinstaller:profileinstaller:1.4.0] AndroidManifest.xml:40:13-42:29
108                <action android:name="androidx.profileinstaller.action.INSTALL_PROFILE" />
108-->[androidx.profileinstaller:profileinstaller:1.4.0] AndroidManifest.xml:41:17-91
108-->[androidx.profileinstaller:profileinstaller:1.4.0] AndroidManifest.xml:41:25-88
109            </intent-filter>
110            <intent-filter>
110-->[androidx.profileinstaller:profileinstaller:1.4.0] AndroidManifest.xml:43:13-45:29
111                <action android:name="androidx.profileinstaller.action.SKIP_FILE" />
111-->[androidx.profileinstaller:profileinstaller:1.4.0] AndroidManifest.xml:44:17-85
111-->[androidx.profileinstaller:profileinstaller:1.4.0] AndroidManifest.xml:44:25-82
112            </intent-filter>
113            <intent-filter>
113-->[androidx.profileinstaller:profileinstaller:1.4.0] AndroidManifest.xml:46:13-48:29
114                <action android:name="androidx.profileinstaller.action.SAVE_PROFILE" />
114-->[androidx.profileinstaller:profileinstaller:1.4.0] AndroidManifest.xml:47:17-88
114-->[androidx.profileinstaller:profileinstaller:1.4.0] AndroidManifest.xml:47:25-85
115            </intent-filter>
116            <intent-filter>
116-->[androidx.profileinstaller:profileinstaller:1.4.0] AndroidManifest.xml:49:13-51:29
117                <action android:name="androidx.profileinstaller.action.BENCHMARK_OPERATION" />
117-->[androidx.profileinstaller:profileinstaller:1.4.0] AndroidManifest.xml:50:17-95
117-->[androidx.profileinstaller:profileinstaller:1.4.0] AndroidManifest.xml:50:25-92
118            </intent-filter>
119        </receiver>
120    </application>
121
122</manifest>